This file contains any messages produced by compilers while
running configure, to aid debugging if configure makes a mistake.

It was created by xmlframework configure 0.1.0, which was
generated by GNU Autoconf 2.64.  Invocation command line was

  $ ./configure 

## --------- ##
## Platform. ##
## --------- ##

hostname = danomatika.local
uname -m = i386
uname -r = 10.2.0
uname -s = Darwin
uname -v = Darwin Kernel Version 10.2.0: Tue Nov  3 10:37:10 PST 2009; root:xnu-1486.2.11~1/RELEASE_I386

/usr/bin/uname -p = i386
/bin/uname -X     = unknown

/bin/arch              = unknown
/usr/bin/arch -k       = unknown
/usr/convex/getsysinfo = unknown
/usr/bin/hostinfo      = Mach kernel version:
	 Darwin Kernel Version 10.2.0: Tue Nov  3 10:37:10 PST 2009; root:xnu-1486.2.11~1/RELEASE_I386
Kernel configured for up to 2 processors.
2 processors are physically available.
2 processors are logically available.
Processor type: i486 (Intel 80486)
Processors active: 0 1
Primary memory available: 4.00 gigabytes
Default processor set: 59 tasks, 238 threads, 2 processors
Load average: 0.48, Mach factor: 1.51
/bin/machine           = unknown
/usr/bin/oslevel       = unknown
/bin/universe          = unknown

PATH: /opt/local/bin
PATH: /opt/local/sbin
PATH: /usr/bin
PATH: /bin
PATH: /usr/sbin
PATH: /sbin
PATH: /usr/local/bin
PATH: /usr/texbin
PATH: /usr/X11/bin
PATH: /Users/dano/bin
PATH: .


## ----------- ##
## Core tests. ##
## ----------- ##

configure:1925: checking for a BSD-compatible install
configure:1993: result: /usr/bin/install -c
configure:2004: checking whether build environment is sane
configure:2054: result: yes
configure:2195: checking for a thread-safe mkdir -p
configure:2234: result: config/install-sh -c -d
configure:2247: checking for gawk
configure:2277: result: no
configure:2247: checking for mawk
configure:2277: result: no
configure:2247: checking for nawk
configure:2277: result: no
configure:2247: checking for awk
configure:2263: found /usr/bin/awk
configure:2274: result: awk
configure:2285: checking whether make sets $(MAKE)
configure:2307: result: yes
configure:2446: checking for gcc
configure:2462: found /usr/bin/gcc
configure:2473: result: gcc
configure:2702: checking for C compiler version
configure:2711: gcc --version >&5
i686-apple-darwin10-gcc-4.2.1 (GCC) 4.2.1 (Apple Inc. build 5646) (dot 1)
Copyright (C) 2007 Free Software Foundation, Inc.
This is free software; see the source for copying conditions.  There is NO
warranty; not even for MERCHANTABILITY or FITNESS FOR A PARTICULAR PURPOSE.

configure:2722: $? = 0
configure:2711: gcc -v >&5
Using built-in specs.
Target: i686-apple-darwin10
Configured with: /var/tmp/gcc/gcc-5646.1~2/src/configure --disable-checking --enable-werror --prefix=/usr --mandir=/share/man --enable-languages=c,objc,c++,obj-c++ --program-transform-name=/^[cg][^.-]*$/s/$/-4.2/ --with-slibdir=/usr/lib --build=i686-apple-darwin10 --with-gxx-include-dir=/include/c++/4.2.1 --program-prefix=i686-apple-darwin10- --host=x86_64-apple-darwin10 --target=i686-apple-darwin10
Thread model: posix
gcc version 4.2.1 (Apple Inc. build 5646) (dot 1)
configure:2722: $? = 0
configure:2711: gcc -V >&5
gcc-4.2: argument to `-V' is missing
configure:2722: $? = 1
configure:2711: gcc -qversion >&5
i686-apple-darwin10-gcc-4.2.1: no input files
configure:2722: $? = 1
configure:2744: checking for C compiler default output file name
configure:2766: gcc    conftest.c  >&5
configure:2770: $? = 0
configure:2807: result: a.out
configure:2823: checking whether the C compiler works
configure:2832: ./a.out
configure:2836: $? = 0
configure:2851: result: yes
configure:2858: checking whether we are cross compiling
configure:2860: result: no
configure:2863: checking for suffix of executables
configure:2870: gcc -o conftest    conftest.c  >&5
configure:2874: $? = 0
configure:2896: result: 
configure:2902: checking for suffix of object files
configure:2924: gcc -c   conftest.c >&5
configure:2928: $? = 0
configure:2949: result: o
configure:2953: checking whether we are using the GNU C compiler
configure:2972: gcc -c   conftest.c >&5
configure:2972: $? = 0
configure:2981: result: yes
configure:2990: checking whether gcc accepts -g
configure:3010: gcc -c -g  conftest.c >&5
configure:3010: $? = 0
configure:3051: result: yes
configure:3068: checking for gcc option to accept ISO C89
configure:3132: gcc  -c -g -O2  conftest.c >&5
configure:3132: $? = 0
configure:3145: result: none needed
configure:3176: checking for style of include used by make
configure:3204: result: GNU
configure:3229: checking dependency style of gcc
configure:3339: result: gcc3
configure:3397: checking for ranlib
configure:3413: found /usr/bin/ranlib
configure:3424: result: ranlib
configure:3514: checking for g++
configure:3530: found /usr/bin/g++
configure:3541: result: g++
configure:3568: checking for C++ compiler version
configure:3577: g++ --version >&5
i686-apple-darwin10-g++-4.2.1 (GCC) 4.2.1 (Apple Inc. build 5646) (dot 1)
Copyright (C) 2007 Free Software Foundation, Inc.
This is free software; see the source for copying conditions.  There is NO
warranty; not even for MERCHANTABILITY or FITNESS FOR A PARTICULAR PURPOSE.

configure:3588: $? = 0
configure:3577: g++ -v >&5
Using built-in specs.
Target: i686-apple-darwin10
Configured with: /var/tmp/gcc/gcc-5646.1~2/src/configure --disable-checking --enable-werror --prefix=/usr --mandir=/share/man --enable-languages=c,objc,c++,obj-c++ --program-transform-name=/^[cg][^.-]*$/s/$/-4.2/ --with-slibdir=/usr/lib --build=i686-apple-darwin10 --with-gxx-include-dir=/include/c++/4.2.1 --program-prefix=i686-apple-darwin10- --host=x86_64-apple-darwin10 --target=i686-apple-darwin10
Thread model: posix
gcc version 4.2.1 (Apple Inc. build 5646) (dot 1)
configure:3588: $? = 0
configure:3577: g++ -V >&5
g++-4.2: argument to `-V' is missing
configure:3588: $? = 1
configure:3577: g++ -qversion >&5
i686-apple-darwin10-g++-4.2.1: no input files
configure:3588: $? = 1
configure:3592: checking whether we are using the GNU C++ compiler
configure:3611: g++ -c   conftest.cpp >&5
configure:3611: $? = 0
configure:3620: result: yes
configure:3629: checking whether g++ accepts -g
configure:3649: g++ -c -g  conftest.cpp >&5
configure:3649: $? = 0
configure:3690: result: yes
configure:3715: checking dependency style of g++
configure:3825: result: gcc3
configure:3846: checking how to run the C++ preprocessor
configure:3873: g++ -E  conftest.cpp
configure:3873: $? = 0
configure:3887: g++ -E  conftest.cpp
conftest.cpp:11:28: error: ac_nonexistent.h: No such file or directory
configure:3887: $? = 1
configure: failed program was:
| /* confdefs.h */
| #define PACKAGE_NAME "xmlframework"
| #define PACKAGE_TARNAME "xmlframework"
| #define PACKAGE_VERSION "0.1.0"
| #define PACKAGE_STRING "xmlframework 0.1.0"
| #define PACKAGE_BUGREPORT "danomatika@gmail.com"
| #define PACKAGE_URL ""
| #define PACKAGE "xmlframework"
| #define VERSION "0.1.0"
| /* end confdefs.h.  */
| #include <ac_nonexistent.h>
configure:3912: result: g++ -E
configure:3932: g++ -E  conftest.cpp
configure:3932: $? = 0
configure:3946: g++ -E  conftest.cpp
conftest.cpp:11:28: error: ac_nonexistent.h: No such file or directory
configure:3946: $? = 1
configure: failed program was:
| /* confdefs.h */
| #define PACKAGE_NAME "xmlframework"
| #define PACKAGE_TARNAME "xmlframework"
| #define PACKAGE_VERSION "0.1.0"
| #define PACKAGE_STRING "xmlframework 0.1.0"
| #define PACKAGE_BUGREPORT "danomatika@gmail.com"
| #define PACKAGE_URL ""
| #define PACKAGE "xmlframework"
| #define VERSION "0.1.0"
| /* end confdefs.h.  */
| #include <ac_nonexistent.h>
configure:3975: checking for grep that handles long lines and -e
configure:4033: result: /usr/bin/grep
configure:4038: checking for egrep
configure:4100: result: /usr/bin/grep -E
configure:4105: checking for ANSI C header files
configure:4125: g++ -c -g -O2  conftest.cpp >&5
configure:4125: $? = 0
configure:4198: g++ -o conftest -g -O2   conftest.cpp  >&5
configure:4198: $? = 0
configure:4198: ./conftest
configure:4198: $? = 0
configure:4209: result: yes
configure:4223: checking whether to enable the debug build
configure:4232: result: no
configure:4385: creating ./config.status

## ---------------------- ##
## Running config.status. ##
## ---------------------- ##

This file was extended by xmlframework config.status 0.1.0, which was
generated by GNU Autoconf 2.64.  Invocation command line was

  CONFIG_FILES    = 
  CONFIG_HEADERS  = 
  CONFIG_LINKS    = 
  CONFIG_COMMANDS = 
  $ ./config.status 

on danomatika.local

config.status:849: creating Makefile
config.status:849: creating src/Makefile
config.status:849: creating src/xmlframework/Makefile
config.status:849: creating src/tests/Makefile
config.status:849: creating src/xmlframework/Config.h
config.status:1021: src/xmlframework/Config.h is unchanged
config.status:1069: executing depfiles commands

## ---------------- ##
## Cache variables. ##
## ---------------- ##

ac_cv_c_compiler_gnu=yes
ac_cv_cxx_compiler_gnu=yes
ac_cv_env_CCC_set=
ac_cv_env_CCC_value=
ac_cv_env_CC_set=
ac_cv_env_CC_value=
ac_cv_env_CFLAGS_set=
ac_cv_env_CFLAGS_value=
ac_cv_env_CPPFLAGS_set=
ac_cv_env_CPPFLAGS_value=
ac_cv_env_CXXCPP_set=
ac_cv_env_CXXCPP_value=
ac_cv_env_CXXFLAGS_set=
ac_cv_env_CXXFLAGS_value=
ac_cv_env_CXX_set=
ac_cv_env_CXX_value=
ac_cv_env_LDFLAGS_set=
ac_cv_env_LDFLAGS_value=
ac_cv_env_LIBS_set=
ac_cv_env_LIBS_value=
ac_cv_env_build_alias_set=
ac_cv_env_build_alias_value=
ac_cv_env_host_alias_set=
ac_cv_env_host_alias_value=
ac_cv_env_target_alias_set=
ac_cv_env_target_alias_value=
ac_cv_header_stdc=yes
ac_cv_objext=o
ac_cv_path_EGREP='/usr/bin/grep -E'
ac_cv_path_GREP=/usr/bin/grep
ac_cv_path_install='/usr/bin/install -c'
ac_cv_prog_AWK=awk
ac_cv_prog_CXXCPP='g++ -E'
ac_cv_prog_ac_ct_CC=gcc
ac_cv_prog_ac_ct_CXX=g++
ac_cv_prog_ac_ct_RANLIB=ranlib
ac_cv_prog_cc_c89=
ac_cv_prog_cc_g=yes
ac_cv_prog_cxx_g=yes
ac_cv_prog_make_make_set=yes
am_cv_CC_dependencies_compiler_type=gcc3
am_cv_CXX_dependencies_compiler_type=gcc3

## ----------------- ##
## Output variables. ##
## ----------------- ##

ACLOCAL='${SHELL} /Users/dano/src/xmlframework/config/missing --run aclocal-1.11'
AMDEPBACKSLASH='\'
AMDEP_FALSE='#'
AMDEP_TRUE=''
AMTAR='${SHELL} /Users/dano/src/xmlframework/config/missing --run tar'
AUTOCONF='${SHELL} /Users/dano/src/xmlframework/config/missing --run autoconf'
AUTOHEADER='${SHELL} /Users/dano/src/xmlframework/config/missing --run autoheader'
AUTOMAKE='${SHELL} /Users/dano/src/xmlframework/config/missing --run automake-1.11'
AWK='awk'
CC='gcc'
CCDEPMODE='depmode=gcc3'
CFLAGS='-g -O2'
CPPFLAGS=''
CXX='g++'
CXXCPP='g++ -E'
CXXDEPMODE='depmode=gcc3'
CXXFLAGS='-g -O2'
CYGPATH_W='echo'
DEFS='-DHAVE_CONFIG_H'
DEPDIR='.deps'
ECHO_C='\c'
ECHO_N=''
ECHO_T=''
EGREP='/usr/bin/grep -E'
EXEEXT=''
GREP='/usr/bin/grep'
INSTALL_DATA='${INSTALL} -m 644'
INSTALL_PROGRAM='${INSTALL}'
INSTALL_SCRIPT='${INSTALL}'
INSTALL_STRIP_PROGRAM='$(install_sh) -c -s'
LDFLAGS=''
LIBOBJS=''
LIBS=''
LTLIBOBJS=''
MAKEINFO='${SHELL} /Users/dano/src/xmlframework/config/missing --run makeinfo'
MKDIR_P='config/install-sh -c -d'
OBJEXT='o'
PACKAGE='xmlframework'
PACKAGE_BUGREPORT='danomatika@gmail.com'
PACKAGE_NAME='xmlframework'
PACKAGE_STRING='xmlframework 0.1.0'
PACKAGE_TARNAME='xmlframework'
PACKAGE_URL=''
PACKAGE_VERSION='0.1.0'
PATH_SEPARATOR=':'
RANLIB='ranlib'
SET_MAKE=''
SHELL='/bin/sh'
STRIP=''
VERSION='0.1.0'
ac_ct_CC='gcc'
ac_ct_CXX='g++'
am__EXEEXT_FALSE=''
am__EXEEXT_TRUE='#'
am__fastdepCC_FALSE='#'
am__fastdepCC_TRUE=''
am__fastdepCXX_FALSE='#'
am__fastdepCXX_TRUE=''
am__include='include'
am__isrc=''
am__leading_dot='.'
am__quote=''
am__tar='${AMTAR} chof - "$$tardir"'
am__untar='${AMTAR} xf -'
bindir='${exec_prefix}/bin'
build_alias=''
datadir='${datarootdir}'
datarootdir='${prefix}/share'
docdir='${datarootdir}/doc/${PACKAGE_TARNAME}'
dvidir='${docdir}'
exec_prefix='${prefix}'
host_alias=''
htmldir='${docdir}'
includedir='${prefix}/include'
infodir='${datarootdir}/info'
install_sh='${SHELL} /Users/dano/src/xmlframework/config/install-sh'
libdir='${exec_prefix}/lib'
libexecdir='${exec_prefix}/libexec'
localedir='${datarootdir}/locale'
localstatedir='${prefix}/var'
mandir='${datarootdir}/man'
mkdir_p='$(top_builddir)/config/install-sh -c -d'
oldincludedir='/usr/include'
pdfdir='${docdir}'
prefix='/usr/local'
program_transform_name='s,x,x,'
psdir='${docdir}'
sbindir='${exec_prefix}/sbin'
sharedstatedir='${prefix}/com'
subdirs=' '
sysconfdir='${prefix}/etc'
target_alias=''

## ----------- ##
## confdefs.h. ##
## ----------- ##

/* confdefs.h */
#define PACKAGE_NAME "xmlframework"
#define PACKAGE_TARNAME "xmlframework"
#define PACKAGE_VERSION "0.1.0"
#define PACKAGE_STRING "xmlframework 0.1.0"
#define PACKAGE_BUGREPORT "danomatika@gmail.com"
#define PACKAGE_URL ""
#define PACKAGE "xmlframework"
#define VERSION "0.1.0"
#define STDC_HEADERS 1
#define NDEBUG /**/

configure: exit 0
